#
# There is insufficient memory for the Java Runtime Environment to continue.
# Native memory allocation (malloc) failed to allocate 277392 bytes. Error detail: Chunk::new
# Possible reasons:
#   The system is out of physical RAM or swap space
#   This process is running with CompressedOops enabled, and the Java Heap may be blocking the growth of the native heap
# Possible solutions:
#   Reduce memory load on the system
#   Increase physical memory or swap space
#   Check if swap backing store is full
#   Decrease Java heap size (-Xmx/-Xms)
#   Decrease number of Java threads
#   Decrease Java thread stack sizes (-Xss)
#   Set larger code cache with -XX:ReservedCodeCacheSize=
#   JVM is running with Unscaled Compressed Oops mode in which the Java heap is
#     placed in the first 4GB address space. The Java Heap base address is the
#     maximum limit for the native heap growth. Please use -XX:HeapBaseMinAddress
#     to set the Java Heap base and to place the Java Heap above 4GB virtual address.
# This output file may be truncated or incomplete.
#
#  Out of Memory Error (arena.cpp:191), pid=13960, tid=11320
#
# JRE version: OpenJDK Runtime Environment Temurin-17.0.15+6 (17.0.15+6) (build 17.0.15+6)
# Java VM: OpenJDK 64-Bit Server VM Temurin-17.0.15+6 (17.0.15+6, mixed mode, sharing, tiered, compressed oops, compressed class ptrs, g1 gc, windows-amd64)
# No core dump will be written. Minidumps are not enabled by default on client versions of Windows
#

---------------  S U M M A R Y ------------

Command Line: -Xmx64m -Xms64m -Dorg.gradle.appname=gradlew D:\NATIVE\meriFlix\android\\gradle\wrapper\gradle-wrapper.jar app:installDebug -PreactNativeDevServerPort=8081

Host: Intel(R) Core(TM) i3-4160T CPU @ 3.10GHz, 4 cores, 7G,  Windows 10 , 64 bit Build 19041 (10.0.19041.5915)
Time: Mon Oct 13 00:48:26 2025 India Standard Time elapsed time: 0.914279 seconds (0d 0h 0m 0s)

---------------  T H R E A D  ---------------

Current thread (0x0000025c644a26a0):  JavaThread "C2 CompilerThread1" daemon [_thread_in_native, id=11320, stack(0x0000006b4bc00000,0x0000006b4bd00000)]


Current CompileTask:
C2:    914  746 %     4       java.io.WinNTFileSystem::normalize @ 58 (224 bytes)

Stack: [0x0000006b4bc00000,0x0000006b4bd00000]
Native frames: (J=compiled Java code, j=interpreted, Vv=VM code, C=native code)
V  [jvm.dll+0x682fc9]
V  [jvm.dll+0x839878]
V  [jvm.dll+0x83b323]
V  [jvm.dll+0x83b993]
V  [jvm.dll+0x24725f]
V  [jvm.dll+0xacea4]
V  [jvm.dll+0xad53c]
V  [jvm.dll+0x365c6e]
V  [jvm.dll+0x32fe58]
V  [jvm.dll+0x32f2da]
V  [jvm.dll+0x21824f]
V  [jvm.dll+0x21768f]
V  [jvm.dll+0x1a31b0]
V  [jvm.dll+0x227a9c]
V  [jvm.dll+0x225bfb]
V  [jvm.dll+0x7ef018]
V  [jvm.dll+0x7e94dc]
V  [jvm.dll+0x681ea7]
C  [ucrtbase.dll+0x21bb2]
C  [KERNEL32.DLL+0x17374]
C  [ntdll.dll+0x4cc91]


---------------  P R O C E S S  ---------------

Threads class SMR info:
_java_thread_list=0x0000025c642aaed0, length=13, elements={
0x0000025c03d8e7d0, 0x0000025c1ee70460, 0x0000025c1ee722f0, 0x0000025c1ee8cb50,
0x0000025c1ee90950, 0x0000025c1ee90f20, 0x0000025c1ee91b00, 0x0000025c1ee92400,
0x0000025c1eeab810, 0x0000025c1eebde10, 0x0000025c64157370, 0x0000025c64155000,
0x0000025c644a26a0
}

Java Threads: ( => current thread )
  0x0000025c03d8e7d0 JavaThread "main" [_thread_in_Java, id=1224, stack(0x0000006b4a600000,0x0000006b4a700000)]
  0x0000025c1ee70460 JavaThread "Reference Handler" daemon [_thread_blocked, id=9300, stack(0x0000006b4ad00000,0x0000006b4ae00000)]
  0x0000025c1ee722f0 JavaThread "Finalizer" daemon [_thread_blocked, id=864, stack(0x0000006b4ae00000,0x0000006b4af00000)]
  0x0000025c1ee8cb50 JavaThread "Signal Dispatcher" daemon [_thread_blocked, id=14116, stack(0x0000006b4af00000,0x0000006b4b000000)]
  0x0000025c1ee90950 JavaThread "Attach Listener" daemon [_thread_blocked, id=10700, stack(0x0000006b4b000000,0x0000006b4b100000)]
  0x0000025c1ee90f20 JavaThread "Service Thread" daemon [_thread_blocked, id=9912, stack(0x0000006b4b100000,0x0000006b4b200000)]
  0x0000025c1ee91b00 JavaThread "Monitor Deflation Thread" daemon [_thread_blocked, id=2108, stack(0x0000006b4b200000,0x0000006b4b300000)]
  0x0000025c1ee92400 JavaThread "C2 CompilerThread0" daemon [_thread_in_native, id=8128, stack(0x0000006b4b300000,0x0000006b4b400000)]
  0x0000025c1eeab810 JavaThread "C1 CompilerThread0" daemon [_thread_blocked, id=9420, stack(0x0000006b4b400000,0x0000006b4b500000)]
  0x0000025c1eebde10 JavaThread "Sweeper thread" daemon [_thread_blocked, id=10560, stack(0x0000006b4b500000,0x0000006b4b600000)]
  0x0000025c64157370 JavaThread "Notification Thread" daemon [_thread_blocked, id=12168, stack(0x0000006b4b600000,0x0000006b4b700000)]
  0x0000025c64155000 JavaThread "Common-Cleaner" daemon [_thread_blocked, id=7620, stack(0x0000006b4b800000,0x0000006b4b900000)]
=>0x0000025c644a26a0 JavaThread "C2 CompilerThread1" daemon [_thread_in_native, id=11320, stack(0x0000006b4bc00000,0x0000006b4bd00000)]

Other Threads:
  0x0000025c1ee6b0f0 VMThread "VM Thread" [stack: 0x0000006b4ac00000,0x0000006b4ad00000] [id=14068]
  0x0000025c6417aad0 WatcherThread [stack: 0x0000006b4b700000,0x0000006b4b800000] [id=7204]
  0x0000025c03dee190 GCTaskThread "GC Thread#0" [stack: 0x0000006b4a700000,0x0000006b4a800000] [id=13564]
  0x0000025c1ee761a0 GCTaskThread "GC Thread#1" [stack: 0x0000006b4b900000,0x0000006b4ba00000] [id=7592]
  0x0000025c1ee76460 GCTaskThread "GC Thread#2" [stack: 0x0000006b4ba00000,0x0000006b4bb00000] [id=14724]
  0x0000025c1ee769e0 GCTaskThread "GC Thread#3" [stack: 0x0000006b4bb00000,0x0000006b4bc00000] [id=13688]
  0x0000025c03defef0 ConcurrentGCThread "G1 Main Marker" [stack: 0x0000006b4a800000,0x0000006b4a900000] [id=13444]
  0x0000025c03df10b0 ConcurrentGCThread "G1 Conc#0" [stack: 0x0000006b4a900000,0x0000006b4aa00000] [id=13344]
  0x0000025c03e3eb90 ConcurrentGCThread "G1 Refine#0" [stack: 0x0000006b4aa00000,0x0000006b4ab00000] [id=6800]
  0x0000025c64aef960 ConcurrentGCThread "G1 Refine#1" [stack: 0x0000006b4bd00000,0x0000006b4be00000] [id=15276]
  0x0000025c03e405d0 ConcurrentGCThread "G1 Service" [stack: 0x0000006b4ab00000,0x0000006b4ac00000] [id=15000]

Threads with active compile tasks:
C2 CompilerThread0      954  753 %     4       java.util.zip.ZipFile$Source::initCEN @ 261 (612 bytes)
C2 CompilerThread1      954  746 %     4       java.io.WinNTFileSystem::normalize @ 58 (224 bytes)

VM state: not at safepoint (normal execution)

VM Mutex/Monitor currently owned by a thread: None

Heap address: 0x00000000fc000000, size: 64 MB, Compressed Oops mode: 32-bit

CDS archive(s) mapped at: [0x0000025c1f000000-0x0000025c1fbb0000-0x0000025c1fbb0000), size 12255232, SharedBaseAddress: 0x0000025c1f000000, ArchiveRelocationMode: 1.
Compressed class space mapped at: 0x0000025c20000000-0x0000025c60000000, reserved size: 1073741824
Narrow klass base: 0x0000025c1f000000, Narrow klass shift: 0, Narrow klass range: 0x100000000

GC Precious Log:
 CPUs: 4 total, 4 available
 Memory: 8103M
 Large Page Support: Disabled
 NUMA Support: Disabled
 Compressed Oops: Enabled (32-bit)
 Heap Region Size: 1M
 Heap Min Capacity: 64M
 Heap Initial Capacity: 64M
 Heap Max Capacity: 64M
 Pre-touch: Disabled
 Parallel Workers: 4
 Concurrent Workers: 1
 Concurrent Refinement Workers: 4
 Periodic GC: Disabled

Heap:
 garbage-first heap   total 65536K, used 10040K [0x00000000fc000000, 0x0000000100000000)
  region size 1024K, 4 young (4096K), 3 survivors (3072K)
 Metaspace       used 1956K, committed 2048K, reserved 1114112K
  class space    used 167K, committed 192K, reserved 1048576K

Heap Regions: E=young(eden), S=young(survivor), O=old, HS=humongous(starts), HC=humongous(continues), CS=collection set, F=free, OA=open archive, CA=closed archive, TAMS=top-at-mark-start (previous, next)
|   0|0x00000000fc000000, 0x00000000fc100000, 0x00000000fc100000|100%|HS|  |TAMS 0x00000000fc000000, 0x00000000fc000000| Complete 
|   1|0x00000000fc100000, 0x00000000fc200000, 0x00000000fc200000|100%|HC|  |TAMS 0x00000000fc100000, 0x00000000fc100000| Complete 
|   2|0x00000000fc200000, 0x00000000fc300000, 0x00000000fc300000|100%|HC|  |TAMS 0x00000000fc200000, 0x00000000fc200000| Complete 
|   3|0x00000000fc300000, 0x00000000fc400000, 0x00000000fc400000|100%| O|  |TAMS 0x00000000fc300000, 0x00000000fc300000| Untracked 
|   4|0x00000000fc400000, 0x00000000fc500000, 0x00000000fc500000|100%| O|  |TAMS 0x00000000fc400000, 0x00000000fc400000| Untracked 
|   5|0x00000000fc500000, 0x00000000fc600000, 0x00000000fc600000|100%| O|  |TAMS 0x00000000fc500000, 0x00000000fc500000| Untracked 
|   6|0x00000000fc600000, 0x00000000fc6ce200, 0x00000000fc700000| 80%| O|  |TAMS 0x00000000fc600000, 0x00000000fc600000| Untracked 
|   7|0x00000000fc700000, 0x00000000fc700000, 0x00000000fc800000|  0%| F|  |TAMS 0x00000000fc700000, 0x00000000fc700000| Untracked 
|   8|0x00000000fc800000, 0x00000000fc800000, 0x00000000fc900000|  0%| F|  |TAMS 0x00000000fc800000, 0x00000000fc800000| Untracked 
|   9|0x00000000fc900000, 0x00000000fc900000, 0x00000000fca00000|  0%| F|  |TAMS 0x00000000fc900000, 0x00000000fc900000| Untracked 
|  10|0x00000000fca00000, 0x00000000fca00000, 0x00000000fcb00000|  0%| F|  |TAMS 0x00000000fca00000, 0x00000000fca00000| Untracked 
|  11|0x00000000fcb00000, 0x00000000fcb00000, 0x00000000fcc00000|  0%| F|  |TAMS 0x00000000fcb00000, 0x00000000fcb00000| Untracked 
|  12|0x00000000fcc00000, 0x00000000fcc00000, 0x00000000fcd00000|  0%| F|  |TAMS 0x00000000fcc00000, 0x00000000fcc00000| Untracked 
|  13|0x00000000fcd00000, 0x00000000fcd00000, 0x00000000fce00000|  0%| F|  |TAMS 0x00000000fcd00000, 0x00000000fcd00000| Untracked 
|  14|0x00000000fce00000, 0x00000000fce00000, 0x00000000fcf00000|  0%| F|  |TAMS 0x00000000fce00000, 0x00000000fce00000| Untracked 
|  15|0x00000000fcf00000, 0x00000000fcf00000, 0x00000000fd000000|  0%| F|  |TAMS 0x00000000fcf00000, 0x00000000fcf00000| Untracked 
|  16|0x00000000fd000000, 0x00000000fd000000, 0x00000000fd100000|  0%| F|  |TAMS 0x00000000fd000000, 0x00000000fd000000| Untracked 
|  17|0x00000000fd100000, 0x00000000fd100000, 0x00000000fd200000|  0%| F|  |TAMS 0x00000000fd100000, 0x00000000fd100000| Untracked 
|  18|0x00000000fd200000, 0x00000000fd200000, 0x00000000fd300000|  0%| F|  |TAMS 0x00000000fd200000, 0x00000000fd200000| Untracked 
|  19|0x00000000fd300000, 0x00000000fd300000, 0x00000000fd400000|  0%| F|  |TAMS 0x00000000fd300000, 0x00000000fd300000| Untracked 
|  20|0x00000000fd400000, 0x00000000fd400000, 0x00000000fd500000|  0%| F|  |TAMS 0x00000000fd400000, 0x00000000fd400000| Untracked 
|  21|0x00000000fd500000, 0x00000000fd500000, 0x00000000fd600000|  0%| F|  |TAMS 0x00000000fd500000, 0x00000000fd500000| Untracked 
|  22|0x00000000fd600000, 0x00000000fd600000, 0x00000000fd700000|  0%| F|  |TAMS 0x00000000fd600000, 0x00000000fd600000| Untracked 
|  23|0x00000000fd700000, 0x00000000fd700000, 0x00000000fd800000|  0%| F|  |TAMS 0x00000000fd700000, 0x00000000fd700000| Untracked 
|  24|0x00000000fd800000, 0x00000000fd800000, 0x00000000fd900000|  0%| F|  |TAMS 0x00000000fd800000, 0x00000000fd800000| Untracked 
|  25|0x00000000fd900000, 0x00000000fd900000, 0x00000000fda00000|  0%| F|  |TAMS 0x00000000fd900000, 0x00000000fd900000| Untracked 
|  26|0x00000000fda00000, 0x00000000fda00000, 0x00000000fdb00000|  0%| F|  |TAMS 0x00000000fda00000, 0x00000000fda00000| Untracked 
|  27|0x00000000fdb00000, 0x00000000fdb00000, 0x00000000fdc00000|  0%| F|  |TAMS 0x00000000fdb00000, 0x00000000fdb00000| Untracked 
|  28|0x00000000fdc00000, 0x00000000fdc00000, 0x00000000fdd00000|  0%| F|  |TAMS 0x00000000fdc00000, 0x00000000fdc00000| Untracked 
|  29|0x00000000fdd00000, 0x00000000fdd00000, 0x00000000fde00000|  0%| F|  |TAMS 0x00000000fdd00000, 0x00000000fdd00000| Untracked 
|  30|0x00000000fde00000, 0x00000000fde00000, 0x00000000fdf00000|  0%| F|  |TAMS 0x00000000fde00000, 0x00000000fde00000| Untracked 
|  31|0x00000000fdf00000, 0x00000000fdf00000, 0x00000000fe000000|  0%| F|  |TAMS 0x00000000fdf00000, 0x00000000fdf00000| Untracked 
|  32|0x00000000fe000000, 0x00000000fe000000, 0x00000000fe100000|  0%| F|  |TAMS 0x00000000fe000000, 0x00000000fe000000| Untracked 
|  33|0x00000000fe100000, 0x00000000fe100000, 0x00000000fe200000|  0%| F|  |TAMS 0x00000000fe100000, 0x00000000fe100000| Untracked 
|  34|0x00000000fe200000, 0x00000000fe200000, 0x00000000fe300000|  0%| F|  |TAMS 0x00000000fe200000, 0x00000000fe200000| Untracked 
|  35|0x00000000fe300000, 0x00000000fe300000, 0x00000000fe400000|  0%| F|  |TAMS 0x00000000fe300000, 0x00000000fe300000| Untracked 
|  36|0x00000000fe400000, 0x00000000fe400000, 0x00000000fe500000|  0%| F|  |TAMS 0x00000000fe400000, 0x00000000fe400000| Untracked 
|  37|0x00000000fe500000, 0x00000000fe500000, 0x00000000fe600000|  0%| F|  |TAMS 0x00000000fe500000, 0x00000000fe500000| Untracked 
|  38|0x00000000fe600000, 0x00000000fe600000, 0x00000000fe700000|  0%| F|  |TAMS 0x00000000fe600000, 0x00000000fe600000| Untracked 
|  39|0x00000000fe700000, 0x00000000fe700000, 0x00000000fe800000|  0%| F|  |TAMS 0x00000000fe700000, 0x00000000fe700000| Untracked 
|  40|0x00000000fe800000, 0x00000000fe800000, 0x00000000fe900000|  0%| F|  |TAMS 0x00000000fe800000, 0x00000000fe800000| Untracked 
|  41|0x00000000fe900000, 0x00000000fea00000, 0x00000000fea00000|100%| S|CS|TAMS 0x00000000fe900000, 0x00000000fe900000| Complete 
|  42|0x00000000fea00000, 0x00000000feb00000, 0x00000000feb00000|100%| S|CS|TAMS 0x00000000fea00000, 0x00000000fea00000| Complete 
|  43|0x00000000feb00000, 0x00000000fec00000, 0x00000000fec00000|100%| S|CS|TAMS 0x00000000feb00000, 0x00000000feb00000| Complete 
|  44|0x00000000fec00000, 0x00000000fec00000, 0x00000000fed00000|  0%| F|  |TAMS 0x00000000fec00000, 0x00000000fec00000| Untracked 
|  45|0x00000000fed00000, 0x00000000fed00000, 0x00000000fee00000|  0%| F|  |TAMS 0x00000000fed00000, 0x00000000fed00000| Untracked 
|  46|0x00000000fee00000, 0x00000000fee00000, 0x00000000fef00000|  0%| F|  |TAMS 0x00000000fee00000, 0x00000000fee00000| Untracked 
|  47|0x00000000fef00000, 0x00000000fef00000, 0x00000000ff000000|  0%| F|  |TAMS 0x00000000fef00000, 0x00000000fef00000| Untracked 
|  48|0x00000000ff000000, 0x00000000ff000000, 0x00000000ff100000|  0%| F|  |TAMS 0x00000000ff000000, 0x00000000ff000000| Untracked 
|  49|0x00000000ff100000, 0x00000000ff100000, 0x00000000ff200000|  0%| F|  |TAMS 0x00000000ff100000, 0x00000000ff100000| Untracked 
|  50|0x00000000ff200000, 0x00000000ff200000, 0x00000000ff300000|  0%| F|  |TAMS 0x00000000ff200000, 0x00000000ff200000| Untracked 
|  51|0x00000000ff300000, 0x00000000ff300000, 0x00000000ff400000|  0%| F|  |TAMS 0x00000000ff300000, 0x00000000ff300000| Untracked 
|  52|0x00000000ff400000, 0x00000000ff400000, 0x00000000ff500000|  0%| F|  |TAMS 0x00000000ff400000, 0x00000000ff400000| Untracked 
|  53|0x00000000ff500000, 0x00000000ff500000, 0x00000000ff600000|  0%| F|  |TAMS 0x00000000ff500000, 0x00000000ff500000| Untracked 
|  54|0x00000000ff600000, 0x00000000ff600000, 0x00000000ff700000|  0%| F|  |TAMS 0x00000000ff600000, 0x00000000ff600000| Untracked 
|  55|0x00000000ff700000, 0x00000000ff700000, 0x00000000ff800000|  0%| F|  |TAMS 0x00000000ff700000, 0x00000000ff700000| Untracked 
|  56|0x00000000ff800000, 0x00000000ff800000, 0x00000000ff900000|  0%| F|  |TAMS 0x00000000ff800000, 0x00000000ff800000| Untracked 
|  57|0x00000000ff900000, 0x00000000ff900000, 0x00000000ffa00000|  0%| F|  |TAMS 0x00000000ff900000, 0x00000000ff900000| Untracked 
|  58|0x00000000ffa00000, 0x00000000ffa00000, 0x00000000ffb00000|  0%| F|  |TAMS 0x00000000ffa00000, 0x00000000ffa00000| Untracked 
|  59|0x00000000ffb00000, 0x00000000ffb00000, 0x00000000ffc00000|  0%| F|  |TAMS 0x00000000ffb00000, 0x00000000ffb00000| Untracked 
|  60|0x00000000ffc00000, 0x00000000ffc00000, 0x00000000ffd00000|  0%| F|  |TAMS 0x00000000ffc00000, 0x00000000ffc00000| Untracked 
|  61|0x00000000ffd00000, 0x00000000ffd00000, 0x00000000ffe00000|  0%| F|  |TAMS 0x00000000ffd00000, 0x00000000ffd00000| Untracked 
|  62|0x00000000ffe00000, 0x00000000ffe00000, 0x00000000fff00000|  0%| F|  |TAMS 0x00000000ffe00000, 0x00000000ffe00000| Untracked 
|  63|0x00000000fff00000, 0x0000000100000000, 0x0000000100000000|100%| E|  |TAMS 0x00000000fff00000, 0x00000000fff00000| Complete 

Card table byte_map: [0x0000025c03c50000,0x0000025c03c70000] _byte_map_base: 0x0000025c03470000

Marking Bits (Prev, Next): (CMBitMap*) 0x0000025c03dee7b0, (CMBitMap*) 0x0000025c03dee7f0
 Prev Bits: [0x0000025c1c700000, 0x0000025c1c800000)
 Next Bits: [0x0000025c1c800000, 0x0000025c1c900000)

Polling page: 0x0000025c03c00000

Metaspace:

Usage:
  Non-class:      1.76 MB used.
      Class:    169.79 KB used.
       Both:      1.93 MB used.

Virtual space:
  Non-class space:       64.00 MB reserved,       1.81 MB (  3%) committed,  1 nodes.
      Class space:        1.00 GB reserved,     256.00 KB ( <1%) committed,  1 nodes.
             Both:        1.06 GB reserved,       2.06 MB ( <1%) committed. 

Chunk freelists:
   Non-Class:  11.70 MB
       Class:  15.68 MB
        Both:  27.38 MB

MaxMetaspaceSize: unlimited
CompressedClassSpaceSize: 1.00 GB
Initial GC threshold: 21.00 MB
Current GC threshold: 21.00 MB
CDS: on
MetaspaceReclaimPolicy: balanced
 - commit_granule_bytes: 65536.
 - commit_granule_words: 8192.
 - virtual_space_node_default_size: 8388608.
 - enlarge_chunks_in_place: 1.
 - new_chunks_are_fully_committed: 0.
 - uncommit_free_chunks: 1.
 - use_allocation_guard: 0.
 - handle_deallocations: 1.


Internal statistics:

num_allocs_failed_limit: 0.
num_arena_births: 14.
num_arena_deaths: 0.
num_vsnodes_births: 2.
num_vsnodes_deaths: 0.
num_space_committed: 33.
num_space_uncommitted: 0.
num_chunks_returned_to_freelist: 0.
num_chunks_taken_from_freelist: 47.
num_chunk_merges: 0.
num_chunk_splits: 26.
num_chunks_enlarged: 18.
num_inconsistent_stats: 0.

CodeHeap 'non-profiled nmethods': size=120000Kb used=290Kb max_used=290Kb free=119710Kb
 bounds [0x0000025c14bb0000, 0x0000025c14e20000, 0x0000025c1c0e0000]
CodeHeap 'profiled nmethods': size=120000Kb used=1438Kb max_used=1438Kb free=118561Kb
 bounds [0x0000025c0d0e0000, 0x0000025c0d350000, 0x0000025c14610000]
CodeHeap 'non-nmethods': size=5760Kb used=1121Kb max_used=1157Kb free=4638Kb
 bounds [0x0000025c14610000, 0x0000025c14880000, 0x0000025c14bb0000]
 total_blobs=1182 nmethods=780 adapters=315
 compilation: enabled
              stopped_count=0, restarted_count=0
 full_count=0

Compilation events (20 events):
Event: 0.892 Thread 0x0000025c1eeab810  742       3       java.util.zip.ZipFile::<init> (144 bytes)
Event: 0.892 Thread 0x0000025c644a26a0  745       4       java.nio.DirectLongBufferU::ix (10 bytes)
Event: 0.893 Thread 0x0000025c644a26a0 nmethod 745 0x0000025c14bf7f10 code [0x0000025c14bf8080, 0x0000025c14bf80f8]
Event: 0.893 Thread 0x0000025c644a26a0  746 %     4       java.io.WinNTFileSystem::normalize @ 58 (224 bytes)
Event: 0.893 Thread 0x0000025c1eeab810 nmethod 742 0x0000025c0d22c310 code [0x0000025c0d22c660, 0x0000025c0d22d918]
Event: 0.894 Thread 0x0000025c1eeab810  743       3       java.util.zip.ZipFile$CleanableResource::<init> (63 bytes)
Event: 0.894 Thread 0x0000025c1eeab810 nmethod 743 0x0000025c0d22e010 code [0x0000025c0d22e260, 0x0000025c0d22eb18]
Event: 0.894 Thread 0x0000025c1eeab810  744       3       sun.nio.fs.WindowsFileAttributes::isReparsePoint (14 bytes)
Event: 0.894 Thread 0x0000025c1eeab810 nmethod 744 0x0000025c0d22ee10 code [0x0000025c0d22efa0, 0x0000025c0d22f0f8]
Event: 0.897 Thread 0x0000025c1eeab810  747       3       java.lang.CharacterDataLatin1::digit (32 bytes)
Event: 0.897 Thread 0x0000025c1eeab810 nmethod 747 0x0000025c0d22f190 code [0x0000025c0d22f340, 0x0000025c0d22f598]
Event: 0.908 Thread 0x0000025c1eeab810  748       3       java.util.zip.ZipFile$Source::isSignatureRelated (205 bytes)
Event: 0.909 Thread 0x0000025c1eeab810 nmethod 748 0x0000025c0d22f690 code [0x0000025c0d22f840, 0x0000025c0d22fcb8]
Event: 0.909 Thread 0x0000025c1eeab810  749       3       java.util.zip.ZipFile$Source::getMetaVersion (221 bytes)
Event: 0.909 Thread 0x0000025c1eeab810 nmethod 749 0x0000025c0d22fe10 code [0x0000025c0d230000, 0x0000025c0d230738]
Event: 0.910 Thread 0x0000025c1eeab810  750   !   3       java.util.zip.ZipFile$Source::checkAndAddEntry (262 bytes)
Event: 0.910 Thread 0x0000025c1ee92400  751       4       java.util.zip.ZipUtils::CENHOW (9 bytes)
Event: 0.911 Thread 0x0000025c1ee92400 nmethod 751 0x0000025c14bf8210 code [0x0000025c14bf8380, 0x0000025c14bf8438]
Event: 0.911 Thread 0x0000025c1eeab810 nmethod 750 0x0000025c0d230990 code [0x0000025c0d230d60, 0x0000025c0d2325c8]
Event: 0.911 Thread 0x0000025c1eeab810  752       3       java.util.zip.ZipFile$Source::isMetaName (141 bytes)

GC Heap History (2 events):
Event: 0.487 GC heap before
{Heap before GC invocations=0 (full 0):
 garbage-first heap   total 65536K, used 13312K [0x00000000fc000000, 0x0000000100000000)
  region size 1024K, 13 young (13312K), 0 survivors (0K)
 Metaspace       used 1664K, committed 1792K, reserved 1114112K
  class space    used 159K, committed 192K, reserved 1048576K
}
Event: 0.492 GC heap after
{Heap after GC invocations=1 (full 0):
 garbage-first heap   total 65536K, used 1536K [0x00000000fc000000, 0x0000000100000000)
  region size 1024K, 2 young (2048K), 2 survivors (2048K)
 Metaspace       used 1664K, committed 1792K, reserved 1114112K
  class space    used 159K, committed 192K, reserved 1048576K
}

Dll operation events (7 events):
Event: 0.008 Loaded shared library D:\java\javaJDK\bin\java.dll
Event: 0.030 Loaded shared library D:\java\javaJDK\bin\jsvml.dll
Event: 0.076 Loaded shared library D:\java\javaJDK\bin\net.dll
Event: 0.078 Loaded shared library D:\java\javaJDK\bin\nio.dll
Event: 0.080 Loaded shared library D:\java\javaJDK\bin\zip.dll
Event: 0.087 Loaded shared library D:\java\javaJDK\bin\verify.dll
Event: 0.657 Loaded shared library D:\java\javaJDK\bin\jimage.dll

Deoptimization events (20 events):
Event: 0.799 Thread 0x0000025c03d8e7d0 DEOPT PACKING pc=0x0000025c0d1eff64 sp=0x0000006b4a6fc190
Event: 0.799 Thread 0x0000025c03d8e7d0 DEOPT UNPACKING pc=0x0000025c14667143 sp=0x0000006b4a6fb650 mode 0
Event: 0.844 Thread 0x0000025c03d8e7d0 DEOPT PACKING pc=0x0000025c0d1396ca sp=0x0000006b4a6fbde0
Event: 0.844 Thread 0x0000025c03d8e7d0 DEOPT UNPACKING pc=0x0000025c14667143 sp=0x0000006b4a6fb280 mode 0
Event: 0.852 Thread 0x0000025c03d8e7d0 DEOPT PACKING pc=0x0000025c0d1396ca sp=0x0000006b4a6fc0f0
Event: 0.852 Thread 0x0000025c03d8e7d0 DEOPT UNPACKING pc=0x0000025c14667143 sp=0x0000006b4a6fb578 mode 0
Event: 0.861 Thread 0x0000025c03d8e7d0 DEOPT PACKING pc=0x0000025c0d1d3f38 sp=0x0000006b4a6fc2d0
Event: 0.861 Thread 0x0000025c03d8e7d0 DEOPT UNPACKING pc=0x0000025c14667143 sp=0x0000006b4a6fb7d8 mode 0
Event: 0.909 Thread 0x0000025c03d8e7d0 Uncommon trap: trap_request=0xffffff45 fr.pc=0x0000025c14bf1a00 relative=0x0000000000000940
Event: 0.909 Thread 0x0000025c03d8e7d0 Uncommon trap: reason=unstable_if action=reinterpret pc=0x0000025c14bf1a00 method=java.util.zip.ZipCoder$UTF8ZipCoder.checkedHash([BII)I @ 27 c2
Event: 0.909 Thread 0x0000025c03d8e7d0 DEOPT PACKING pc=0x0000025c14bf1a00 sp=0x0000006b4a6fc050
Event: 0.909 Thread 0x0000025c03d8e7d0 DEOPT UNPACKING pc=0x0000025c146669a3 sp=0x0000006b4a6fbf98 mode 2
Event: 0.910 Thread 0x0000025c03d8e7d0 Uncommon trap: trap_request=0xffffff45 fr.pc=0x0000025c14bbab3c relative=0x00000000000001bc
Event: 0.910 Thread 0x0000025c03d8e7d0 Uncommon trap: reason=unstable_if action=reinterpret pc=0x0000025c14bbab3c method=java.lang.String.hashCode()I @ 20 c2
Event: 0.910 Thread 0x0000025c03d8e7d0 DEOPT PACKING pc=0x0000025c14bbab3c sp=0x0000006b4a6fbed0
Event: 0.910 Thread 0x0000025c03d8e7d0 DEOPT UNPACKING pc=0x0000025c146669a3 sp=0x0000006b4a6fbe60 mode 2
Event: 0.910 Thread 0x0000025c03d8e7d0 Uncommon trap: trap_request=0xffffff45 fr.pc=0x0000025c14bf0b98 relative=0x0000000000000178
Event: 0.910 Thread 0x0000025c03d8e7d0 Uncommon trap: reason=unstable_if action=reinterpret pc=0x0000025c14bf0b98 method=java.util.zip.ZipFile$Source.isMetaName([BII)Z @ 57 c2
Event: 0.910 Thread 0x0000025c03d8e7d0 DEOPT PACKING pc=0x0000025c14bf0b98 sp=0x0000006b4a6fc0e0
Event: 0.910 Thread 0x0000025c03d8e7d0 DEOPT UNPACKING pc=0x0000025c146669a3 sp=0x0000006b4a6fc070 mode 2

Classes loaded (20 events):
Event: 0.188 Loading class jdk/internal/access/JavaIOFilePermissionAccess done
Event: 0.188 Loading class java/io/FilePermission$1 done
Event: 0.189 Loading class java/io/FilePermissionCollection
Event: 0.189 Loading class java/io/FilePermissionCollection done
Event: 0.189 Loading class java/util/Vector
Event: 0.189 Loading class java/util/Vector done
Event: 0.189 Loading class java/io/FilePermissionCollection$1
Event: 0.189 Loading class java/io/FilePermissionCollection$1 done
Event: 0.210 Loading class java/net/MalformedURLException
Event: 0.210 Loading class java/net/MalformedURLException done
Event: 0.212 Loading class java/io/FileFilter
Event: 0.212 Loading class java/io/FileFilter done
Event: 0.264 Loading class java/util/AbstractList$Itr
Event: 0.264 Loading class java/util/AbstractList$Itr done
Event: 0.292 Loading class java/lang/invoke/DirectMethodHandle$Special
Event: 0.293 Loading class java/lang/invoke/DirectMethodHandle$Special done
Event: 0.718 Loading class java/io/BufferedReader
Event: 0.718 Loading class java/io/BufferedReader done
Event: 0.718 Loading class sun/nio/cs/StreamDecoder
Event: 0.718 Loading class sun/nio/cs/StreamDecoder done

Classes unloaded (0 events):
No events

Classes redefined (0 events):
No events

Internal exceptions (1 events):
Event: 0.204 Thread 0x0000025c03d8e7d0 Exception <a 'java/lang/NoSuchMethodError'{0x00000000ffdf7ce8}: 'int java.lang.invoke.DirectMethodHandle$Holder.invokeStaticInit(java.lang.Object, java.lang.Object)'> (0x00000000ffdf7ce8) 
thrown [s\src\hotspot\share\interpreter\linkResolver.cpp, line 759]

VM Operations (4 events):
Event: 0.082 Executing VM operation: HandshakeAllThreads
Event: 0.082 Executing VM operation: HandshakeAllThreads done
Event: 0.487 Executing VM operation: G1CollectForAllocation
Event: 0.492 Executing VM operation: G1CollectForAllocation done

Memory protections (0 events):
No events

Nmethod flushes (0 events):
No events

Events (13 events):
Event: 0.030 Thread 0x0000025c03d8e7d0 Thread added: 0x0000025c03d8e7d0
Event: 0.033 Thread 0x0000025c03d8e7d0 Thread added: 0x0000025c1ee70460
Event: 0.034 Thread 0x0000025c03d8e7d0 Thread added: 0x0000025c1ee722f0
Event: 0.046 Thread 0x0000025c03d8e7d0 Thread added: 0x0000025c1ee8cb50
Event: 0.046 Thread 0x0000025c03d8e7d0 Thread added: 0x0000025c1ee90950
Event: 0.046 Thread 0x0000025c03d8e7d0 Thread added: 0x0000025c1ee90f20
Event: 0.046 Thread 0x0000025c03d8e7d0 Thread added: 0x0000025c1ee91b00
Event: 0.046 Thread 0x0000025c03d8e7d0 Thread added: 0x0000025c1ee92400
Event: 0.047 Thread 0x0000025c03d8e7d0 Thread added: 0x0000025c1eeab810
Event: 0.047 Thread 0x0000025c03d8e7d0 Thread added: 0x0000025c1eebde10
Event: 0.070 Thread 0x0000025c03d8e7d0 Thread added: 0x0000025c64157370
Event: 0.072 Thread 0x0000025c03d8e7d0 Thread added: 0x0000025c64155000
Event: 0.644 Thread 0x0000025c1eeab810 Thread added: 0x0000025c644a26a0


Dynamic libraries:
0x00007ff691bf0000 - 0x00007ff691bfe000 	D:\java\javaJDK\bin\java.exe
0x00007ffd52d50000 - 0x00007ffd52f48000 	C:\WINDOWS\SYSTEM32\ntdll.dll
0x00007ffd52180000 - 0x00007ffd52242000 	C:\WINDOWS\System32\KERNEL32.DLL
0x00007ffd50470000 - 0x00007ffd50766000 	C:\WINDOWS\System32\KERNELBASE.dll
0x00007ffd50be0000 - 0x00007ffd50ce0000 	C:\WINDOWS\System32\ucrtbase.dll
0x00007ffd38650000 - 0x00007ffd38667000 	D:\java\javaJDK\bin\jli.dll
0x00007ffd38d40000 - 0x00007ffd38d5e000 	D:\java\javaJDK\bin\VCRUNTIME140.dll
0x00007ffd52b70000 - 0x00007ffd52d0d000 	C:\WINDOWS\System32\USER32.dll
0x00007ffd508e0000 - 0x00007ffd50902000 	C:\WINDOWS\System32\win32u.dll
0x00007ffd40c80000 - 0x00007ffd40f1b000 	C:\WINDOWS\WinSxS\amd64_microsoft.windows.common-controls_6595b64144ccf1df_6.0.19041.6280_none_60bc30a171f2f3f3\COMCTL32.dll
0x00007ffd52140000 - 0x00007ffd5216b000 	C:\WINDOWS\System32\GDI32.dll
0x00007ffd520a0000 - 0x00007ffd5213e000 	C:\WINDOWS\System32\msvcrt.dll
0x00007ffd507c0000 - 0x00007ffd508d9000 	C:\WINDOWS\System32\gdi32full.dll
0x00007ffd50ce0000 - 0x00007ffd50d7d000 	C:\WINDOWS\System32\msvcp_win.dll
0x00007ffd51740000 - 0x00007ffd5176f000 	C:\WINDOWS\System32\IMM32.DLL
0x00007ffd43120000 - 0x00007ffd4312c000 	D:\java\javaJDK\bin\vcruntime140_1.dll
0x00007ffd288e0000 - 0x00007ffd2896d000 	D:\java\javaJDK\bin\msvcp140.dll
0x00007ffd0d900000 - 0x00007ffd0e56b000 	D:\java\javaJDK\bin\server\jvm.dll
0x00007ffd529c0000 - 0x00007ffd52a71000 	C:\WINDOWS\System32\ADVAPI32.dll
0x00007ffd51cf0000 - 0x00007ffd51d8f000 	C:\WINDOWS\System32\sechost.dll
0x00007ffd51eb0000 - 0x00007ffd51fd0000 	C:\WINDOWS\System32\RPCRT4.dll
0x00007ffd50bb0000 - 0x00007ffd50bd7000 	C:\WINDOWS\System32\bcrypt.dll
0x00007ffd51e40000 - 0x00007ffd51eab000 	C:\WINDOWS\System32\WS2_32.dll
0x00007ffd50250000 - 0x00007ffd5029b000 	C:\WINDOWS\SYSTEM32\POWRPROF.dll
0x00007ffd40f80000 - 0x00007ffd40fa7000 	C:\WINDOWS\SYSTEM32\WINMM.dll
0x00007ffd41e10000 - 0x00007ffd41e1a000 	C:\WINDOWS\SYSTEM32\VERSION.dll
0x00007ffd50230000 - 0x00007ffd50242000 	C:\WINDOWS\SYSTEM32\UMPDC.dll
0x00007ffd4e290000 - 0x00007ffd4e2a2000 	C:\WINDOWS\SYSTEM32\kernel.appcore.dll
0x00007ffd3f370000 - 0x00007ffd3f37a000 	D:\java\javaJDK\bin\jimage.dll
0x00007ffd41070000 - 0x00007ffd41271000 	C:\WINDOWS\SYSTEM32\DBGHELP.DLL
0x00007ffd40300000 - 0x00007ffd40334000 	C:\WINDOWS\SYSTEM32\dbgcore.DLL
0x00007ffd50910000 - 0x00007ffd50992000 	C:\WINDOWS\System32\bcryptPrimitives.dll
0x00007ffd37980000 - 0x00007ffd379a5000 	D:\java\javaJDK\bin\java.dll
0x00007ffd0d820000 - 0x00007ffd0d8f7000 	D:\java\javaJDK\bin\jsvml.dll
0x00007ffd52250000 - 0x00007ffd529c0000 	C:\WINDOWS\System32\SHELL32.dll
0x00007ffd4e490000 - 0x00007ffd4ec35000 	C:\WINDOWS\SYSTEM32\windows.storage.dll
0x00007ffd51930000 - 0x00007ffd51c83000 	C:\WINDOWS\System32\combase.dll
0x00007ffd4fd50000 - 0x00007ffd4fd7b000 	C:\WINDOWS\SYSTEM32\Wldp.dll
0x00007ffd51550000 - 0x00007ffd5161d000 	C:\WINDOWS\System32\OLEAUT32.dll
0x00007ffd51d90000 - 0x00007ffd51e3d000 	C:\WINDOWS\System32\SHCORE.dll
0x00007ffd52b10000 - 0x00007ffd52b6b000 	C:\WINDOWS\System32\shlwapi.dll
0x00007ffd50320000 - 0x00007ffd50344000 	C:\WINDOWS\SYSTEM32\profapi.dll
0x00007ffd37b00000 - 0x00007ffd37b19000 	D:\java\javaJDK\bin\net.dll
0x00007ffd49f10000 - 0x00007ffd4a01a000 	C:\WINDOWS\SYSTEM32\WINHTTP.dll
0x00007ffd4fab0000 - 0x00007ffd4fb1a000 	C:\WINDOWS\system32\mswsock.dll
0x00007ffd37940000 - 0x00007ffd37956000 	D:\java\javaJDK\bin\nio.dll
0x00007ffd378f0000 - 0x00007ffd37908000 	D:\java\javaJDK\bin\zip.dll
0x00007ffd3f2d0000 - 0x00007ffd3f2e0000 	D:\java\javaJDK\bin\verify.dll

dbghelp: loaded successfully - version: 4.0.5 - missing functions: none
symbol engine: initialized successfully - sym options: 0x614 - pdb path: .;D:\java\javaJDK\bin;C:\WINDOWS\SYSTEM32;C:\WINDOWS\WinSxS\amd64_microsoft.windows.common-controls_6595b64144ccf1df_6.0.19041.6280_none_60bc30a171f2f3f3;D:\java\javaJDK\bin\server

VM Arguments:
jvm_args: -Xmx64m -Xms64m -Dorg.gradle.appname=gradlew 
java_command: D:\NATIVE\meriFlix\android\\gradle\wrapper\gradle-wrapper.jar app:installDebug -PreactNativeDevServerPort=8081
java_class_path (initial): D:\NATIVE\meriFlix\android\\gradle\wrapper\gradle-wrapper.jar
Launcher Type: SUN_STANDARD

[Global flags]
     intx CICompilerCount                          = 3                                         {product} {ergonomic}
     uint ConcGCThreads                            = 1                                         {product} {ergonomic}
     uint G1ConcRefinementThreads                  = 4                                         {product} {ergonomic}
   size_t G1HeapRegionSize                         = 1048576                                   {product} {ergonomic}
    uintx GCDrainStackTargetSize                   = 64                                        {product} {ergonomic}
   size_t InitialHeapSize                          = 67108864                                  {product} {command line}
   size_t MarkStackSize                            = 4194304                                   {product} {ergonomic}
   size_t MaxHeapSize                              = 67108864                                  {product} {command line}
   size_t MaxNewSize                               = 39845888                                  {product} {ergonomic}
   size_t MinHeapDeltaBytes                        = 1048576                                   {product} {ergonomic}
   size_t MinHeapSize                              = 67108864                                  {product} {command line}
    uintx NonNMethodCodeHeapSize                   = 5832780                                {pd product} {ergonomic}
    uintx NonProfiledCodeHeapSize                  = 122912730                              {pd product} {ergonomic}
    uintx ProfiledCodeHeapSize                     = 122912730                              {pd product} {ergonomic}
    uintx ReservedCodeCacheSize                    = 251658240                              {pd product} {ergonomic}
     bool SegmentedCodeCache                       = true                                      {product} {ergonomic}
   size_t SoftMaxHeapSize                          = 67108864                               {manageable} {ergonomic}
     bool UseCompressedClassPointers               = true                           {product lp64_product} {ergonomic}
     bool UseCompressedOops                        = true                           {product lp64_product} {ergonomic}
     bool UseG1GC                                  = true                                      {product} {ergonomic}
     bool UseLargePagesIndividualAllocation        = false                                  {pd product} {ergonomic}

Logging:
Log output configuration:
 #0: stdout all=warning uptime,level,tags
 #1: stderr all=off uptime,level,tags

Environment Variables:
JAVA_HOME=D:\java\javaJDK
PATH=D:\NATIVE\meriFlix\node_modules\.bin;D:\NATIVE\node_modules\.bin;D:\node_modules\.bin;C:\Users\SOURAV SHARMA\AppData\Roaming\npm\node_modules\npm\node_modules\@npmcli\run-script\lib\node-gyp-bin;C:\Python313\Scripts\;C:\Python313\;C:\Python312\Scripts\;C:\Python312\;C:\python39\Scripts\;C:\python39\;C:\Program Files (x86)\Intel\iCLS Client\;C:\Program Files\Intel\iCLS Client\;C:\WINDOWS\system32;C:\WINDOWS;C:\WINDOWS\System32\Wbem;C:\WINDOWS\System32\WindowsPowerShell\v1.0\;C:\WINDOWS\System32\OpenSSH\;C:\Program Files\Intel\Intel(R) Management Engine Components\DAL;C:\Program Files (x86)\Intel\Intel(R) Management Engine Components\DAL;C:\Program Files\Intel\Intel(R) Management Engine Components\IPT;C:\Program Files (x86)\Intel\Intel(R) Management Engine Components\IPT;C:\MinGW\bin;C:\ProgramData\chocolatey\bin;C:\Program Files\Git\cmd;C:\Program Files\nodejs\;D:\java\openJDK\bin;D:\Android\Sdk\cmdline-tools\latest\bin;D:\Android\Sdk\emulator;D:\Android\Sdk\platform-tools;D:\java\javaJDK\bin;D:\java\javaJDK\bin;C:\Users\SOURAV SHARMA\AppData\Local\Microsoft\WindowsApps;C:\Program Files (x86)\mingw-w64\i686-8.1.0-posix-dwarf-rt_v6-rev0\mingw32\bin;C:\Users\SOURAV SHARMA\AppData\Local\GitHubDesktop\bin;C:\Users\SOURAV SHARMA\AppData\Local\Programs\Microsoft VS Code\bin;C:\Users\SOURAV SHARMA\AppData\Local\Programs\mongosh\;C:\Program Files\MongoDB\Server\7.0\bin;C:\ProgramData\chocolatey\bin;C:\Program Files\nodejs;C:\Users\SOURAV SHARMA\AppData\Roaming\npm;D:\Android\Sdk\platform-tools;D:\Android\Sdk\emulator;D:\Android\Sdk\cmdline-tools\latest\bin;
USERNAME=SOURAV SHARMA
OS=Windows_NT
PROCESSOR_IDENTIFIER=Intel64 Family 6 Model 60 Stepping 3, GenuineIntel
TMP=C:\Users\SOURAV~1\AppData\Local\Temp
TEMP=C:\Users\SOURAV~1\AppData\Local\Temp



Periodic native trim disabled


---------------  S Y S T E M  ---------------

OS:
 Windows 10 , 64 bit Build 19041 (10.0.19041.5915)
OS uptime: 0 days 9:13 hours

CPU: total 4 (initial active 4) (2 cores per cpu, 2 threads per core) family 6 model 60 stepping 3 microcode 0x27, cx8, cmov, fxsr, ht, mmx, sse, sse2, sse3, ssse3, sse4.1, sse4.2, popcnt, lzcnt, tsc, tscinvbit, avx, avx2, aes, erms, clmul, bmi1, bmi2, fma, vzeroupper, clflush
Processor Information for all 4 processors :
  Max Mhz: 3100, Current Mhz: 3100, Mhz Limit: 3100

Memory: 4k page, system-wide physical 8103M (989M free)
TotalPageFile size 26847M (AvailPageFile size 2M)
current process WorkingSet (physical memory assigned to process): 78M, peak: 78M
current process commit charge ("private bytes"): 151M, peak: 151M

vm_info: OpenJDK 64-Bit Server VM (17.0.15+6) for windows-amd64 JRE (17.0.15+6), built on Apr 15 2025 21:25:47 by "admin" with MS VC++ 17.7 (VS2022)

END.
